<?xml version="1.0" encoding="UTF-8"?>
<!-- Generated by org.testng.reporters.JUnitReportReporter -->
<testsuite skipped="0" hostname="MSI" name="automation.testsuite.ThaoNguyen.LoginPage_day14" tests="1" failures="0" timestamp="2023-07-06T21:19:59 ICT" time="31.277" errors="0">
  <testcase name="Loginfail" time="31.277" classname="automation.testsuite.ThaoNguyen.LoginPage_day14"/>
  <system-out/>
</testsuite> <!-- automation.testsuite.ThaoNguyen.LoginPage_day14 -->
