<?xml version="1.0" encoding="UTF-8"?>
<!-- Generated by org.testng.reporters.JUnitReportReporter -->
<testsuite hostname="MSI" failures="0" tests="1" name="alert.windowspop_ExplicitWai" time="3.581" errors="0" timestamp="2023-07-16T19:59:20 ICT" skipped="0">
  <testcase classname="alert.windowspop_ExplicitWai" name="testalert" time="3.581"/>
  <system-out/>
</testsuite> <!-- alert.windowspop_ExplicitWai -->
