<?xml version="1.0" encoding="UTF-8"?>
<!-- Generated by org.testng.reporters.JUnitReportReporter -->
<testsuite hostname="MSI" failures="0" tests="2" name="automation.testsuite.ThaoNguyen.SearchFlights_test" time="42.857" errors="0" timestamp="2023-07-23T19:55:31 ICT" skipped="0">
  <testcase classname="automation.testsuite.ThaoNguyen.SearchFlights_test" name="Search_oneway" time="19.786"/>
  <system-out/>
  <testcase classname="automation.testsuite.ThaoNguyen.SearchFlights_test" name="Search_roundtrip" time="23.071"/>
  <system-out/>
</testsuite> <!-- automation.testsuite.ThaoNguyen.SearchFlights_test -->
