<?xml version="1.0" encoding="UTF-8"?>
<!-- Generated by org.testng.reporters.JUnitReportReporter -->
<testsuite hostname="MSI" failures="0" tests="1" name="alert.IFrame" time="41.098" errors="0" timestamp="2023-07-20T19:29:44 ICT" skipped="0">
  <testcase classname="alert.IFrame" name="handleIFrame" time="41.098"/>
  <system-out/>
</testsuite> <!-- alert.IFrame -->
