<?xml version="1.0" encoding="UTF-8"?>
<!-- Generated by org.testng.reporters.JUnitReportReporter -->
<testsuite hostname="MSI" failures="0" tests="1" name="alert.AlertSenkey" time="6.139" errors="0" timestamp="2023-07-13T21:33:45 ICT" skipped="0">
  <testcase classname="alert.AlertSenkey" name="testalert" time="6.139"/>
  <system-out/>
</testsuite> <!-- alert.AlertSenkey -->
