<?xml version="1.0" encoding="UTF-8"?>
<!-- Generated by org.testng.reporters.JUnitReportReporter -->
<testsuite hostname="MSI" failures="0" tests="1" name="automation.testsuite.ThaoNguyen.Readonly" time="0.258" errors="0" timestamp="2023-07-13T19:42:43 ICT" skipped="0">
  <testcase classname="automation.testsuite.ThaoNguyen.Readonly" name="ChooseDatePicker" time="0.258"/>
  <system-out/>
</testsuite> <!-- automation.testsuite.ThaoNguyen.Readonly -->
