<?xml version="1.0" encoding="UTF-8"?>
<!-- Generated by org.testng.reporters.JUnitReportReporter -->
<testsuite hostname="MSI" failures="0" tests="1" name="alert.AlertBasic" time="4.131" errors="0" timestamp="2023-07-13T21:12:58 ICT" skipped="0">
  <testcase classname="alert.AlertBasic" name="testalert" time="4.131"/>
  <system-out/>
</testsuite> <!-- alert.AlertBasic -->
