<?xml version="1.0" encoding="UTF-8"?>
<!-- Generated by org.testng.reporters.JUnitReportReporter -->
<testsuite hostname="MSI" failures="0" tests="1" name="automation.testsuite.ThaoNguyen.ClientTest_Factory" time="27.574" errors="0" timestamp="2023-07-13T19:48:23 ICT" skipped="0">
  <testcase classname="automation.testsuite.ThaoNguyen.ClientTest_Factory" name="addclientSucess" time="27.574"/>
  <system-out/>
</testsuite> <!-- automation.testsuite.ThaoNguyen.ClientTest_Factory -->
