<?xml version="1.0" encoding="UTF-8"?>
<!-- Generated by org.testng.reporters.JUnitReportReporter -->
<testsuite skipped="0" hostname="MSI" name="automation.testsuite.ThaoNguyen.LoginTest" tests="5" failures="0" timestamp="2023-07-06T19:59:42 ICT" time="19.595" errors="0">
  <testcase name="Loginfail_nullemail" time="0.578" classname="automation.testsuite.ThaoNguyen.LoginTest"/>
  <system-out/>
  <testcase name="Loginsucessfully" time="10.359" classname="automation.testsuite.ThaoNguyen.LoginTest"/>
  <system-out/>
  <testcase name="Loginfail_nullpass" time="0.512" classname="automation.testsuite.ThaoNguyen.LoginTest"/>
  <system-out/>
  <testcase name="Loginfail" time="5.649" classname="automation.testsuite.ThaoNguyen.LoginTest"/>
  <system-out/>
  <testcase name="Loginfailpass" time="2.497" classname="automation.testsuite.ThaoNguyen.LoginTest"/>
  <system-out/>
</testsuite> <!-- automation.testsuite.ThaoNguyen.LoginTest -->
