<?xml version="1.0" encoding="UTF-8"?>
<!-- Generated by org.testng.reporters.JUnitReportReporter -->
<testsuite skipped="0" hostname="MSI" name="automation.testsuite.ThaoNguyen.Checkbox" tests="1" failures="0" timestamp="2023-07-02T15:30:28 ICT" time="3.167" errors="0">
  <testcase name="isdropdownlistSelected" time="3.167" classname="automation.testsuite.ThaoNguyen.Checkbox"/>
  <system-out/>
</testsuite> <!-- automation.testsuite.ThaoNguyen.Checkbox -->
